Build started 15.04.2014 2:55:02.
     1>Project "E:\Roman\Project Visual\Task_Keyboard\Task_Keyboard\Task_Keyboard.vcxproj" on node 2 (build target(s)).
     1>InitializeBuildStatus:
         Creating "Release\Task_Keyboard.unsuccessfulbuild" because "AlwaysCreate" was specified.
       ClCompile:
         C:\Program Files (x86)\Microsoft Visual Studio 10.0\VC\bin\CL.exe /c /Zi /nologo /W3 /WX- /O2 /Oi /Oy- /GL /D _MBCS /Gm- /EHsc /MD /GS /Gy /fp:precise /Zc:wchar_t /Zc:forScope /Fo"Release\\" /Fd"Release\vc100.pdb" /Gd /TP /analyze- /errorReport:prompt keyboard.cpp
         keyboard.cpp
     1>keyboard.cpp(15): warning C4996: 'getch': The POSIX name for this item is deprecated. Instead, use the ISO C++ conformant name: _getch. See online help for details.
                 C:\Program Files (x86)\Microsoft Visual Studio 10.0\VC\include\conio.h(128) : see declaration of 'getch'
       Link:
         C:\Program Files (x86)\Microsoft Visual Studio 10.0\VC\bin\link.exe /ERRORREPORT:PROMPT /OUT:"E:\Roman\Project Visual\Task_Keyboard\Release\Task_Keyboard.exe" /NOLOGO kernel32.lib user32.lib gdi32.lib winspool.lib comdlg32.lib advapi32.lib shell32.lib ole32.lib oleaut32.lib uuid.lib odbc32.lib odbccp32.lib /MANIFEST /ManifestFile:"Release\Task_Keyboard.exe.intermediate.manifest" /MANIFESTUAC:"level='asInvoker' uiAccess='false'" /DEBUG /PDB:"E:\Roman\Project Visual\Task_Keyboard\Release\Task_Keyboard.pdb" /OPT:REF /OPT:ICF /LTCG /TLBID:1 /DYNAMICBASE /NXCOMPAT /IMPLIB:"E:\Roman\Project Visual\Task_Keyboard\Release\Task_Keyboard.lib" /MACHINE:X86 Release\keyboard.obj
         Generating code
         Finished generating code
         Task_Keyboard.vcxproj -> E:\Roman\Project Visual\Task_Keyboard\Release\Task_Keyboard.exe
       Manifest:
         C:\Program Files (x86)\Microsoft SDKs\Windows\v7.0A\bin\mt.exe /nologo /verbose /outputresource:"E:\Roman\Project Visual\Task_Keyboard\Release\Task_Keyboard.exe;#1" /manifest Release\Task_Keyboard.exe.intermediate.manifest
       FinalizeBuildStatus:
         Deleting file "Release\Task_Keyboard.unsuccessfulbuild".
         Touching "Release\Task_Keyboard.lastbuildstate".
     1>Done Building Project "E:\Roman\Project Visual\Task_Keyboard\Task_Keyboard\Task_Keyboard.vcxproj" (build target(s)).

Build succeeded.

Time Elapsed 00:00:01.38
